<<<<<<< Updated upstream
<<<<<<< Updated upstream
<<<<<<< Updated upstream
INFO:     Started server process [29436]
=======
=======
>>>>>>> Stashed changes
=======
>>>>>>> Stashed changes
<<<<<<< HEAD
INFO:     Started server process [97260]
>>>>>>> Stashed changes
INFO:     Waiting for application startup.
2026-01-21 19:59:17,494 - main - INFO - 🚀 Starting OneAutomation System...
Credentials file not found: config/service_account.json
2026-01-21 19:59:17,494 - main - INFO - ✅ Google Sheets service initialized
2026-01-21 19:59:17,494 - main - INFO - ✅ Email service initialized
2026-01-21 19:59:17,494 - main - INFO - ✅ Data processor initialized
2026-01-21 19:59:17,494 - main - INFO - 🎉 OneAutomation System started successfully!
INFO:     Application startup complete.
INFO:     Uvicorn running on http://0.0.0.0:8001 (Press CTRL+C to quit)
<<<<<<< Updated upstream
=======
INFO:     Shutting down
INFO:     Waiting for application shutdown.
2026-01-21 11:46:00,051 - main - INFO - 👋 Shutting down OneAutomation System...
INFO:     Application shutdown complete.
INFO:     Finished server process [97260]
=======
./start_dev_servers.sh: line 216: python: command not found
>>>>>>> 5ba8ed73f46a5c253278a98da9077d5be919aa96
<<<<<<< Updated upstream
<<<<<<< Updated upstream
>>>>>>> Stashed changes
=======
>>>>>>> Stashed changes
=======
>>>>>>> Stashed changes
