
> react-oas-integration@3.0.0 dev
> concurrently "npm run start" "npm run backend" "npm run ai-service"

[1] 
[1] > react-oas-integration@3.0.0 backend
[1] > cd backend && npm start
[1] 
[2] 
[2] > react-oas-integration@3.0.0 ai-service
[2] > cd ai-service && python -m uvicorn main_simple:app --host 0.0.0.0 --port 8000 --reload
[2] 
[0] 
[0] > react-oas-integration@3.0.0 start
[0] > react-scripts start
[0] 
[1] 
[1] > react-oas-backend@1.0.0 start
[1] > node server.js
[1] 
[2] INFO:     Will watch for changes in these directories: ['/Users/phuccao/Projects/React-OAS-Integration-v3.0/-React-OAS-Integration-v3.0/ai-service']
[2] INFO:     Uvicorn running on http://0.0.0.0:8000 (Press CTRL+C to quit)
[2] INFO:     Started reloader process [4891] using WatchFiles
[1] node:events:496
[1]       throw er; // Unhandled 'error' event
[1]       ^
[1] 
[1] Error: listen EADDRINUSE: address already in use :::3001
[1]     at Server.setupListenHandle [as _listen2] (node:net:1939:16)
[1]     at listenInCluster (node:net:1996:12)
[1]     at Server.listen (node:net:2101:7)
[1]     at Object.<anonymous> (/Users/phuccao/Projects/React-OAS-Integration-v3.0/-React-OAS-Integration-v3.0/backend/server.js:100:8)
[1]     at Module._compile (node:internal/modules/cjs/loader:1730:14)
[1]     at Object..js (node:internal/modules/cjs/loader:1895:10)
[1]     at Module.load (node:internal/modules/cjs/loader:1465:32)
[1]     at Function._load (node:internal/modules/cjs/loader:1282:12)
[1]     at TracingChannel.traceSync (node:diagnostics_channel:322:14)
[1]     at wrapModuleLoad (node:internal/modules/cjs/loader:235:24)
[1] Emitted 'error' event on Server instance at:
[1]     at emitErrorNT (node:net:1975:8)
[1]     at process.processTicksAndRejections (node:internal/process/task_queues:90:21) {
[1]   code: 'EADDRINUSE',
[1]   errno: -48,
[1]   syscall: 'listen',
[1]   address: '::',
[1]   port: 3001
[1] }
[1] 
[1] Node.js v22.16.0
[1] npm run backend exited with code 1
[2] INFO:     Started server process [4922]
[2] INFO:     Waiting for application startup.
[2] INFO:     Application startup complete.
[0] (node:4892) [DEP_WEBPACK_DEV_SERVER_ON_AFTER_SETUP_MIDDLEWARE] DeprecationWarning: 'onAfterSetupMiddleware' option is deprecated. Please use the 'setupMiddlewares' option.
[0] (Use `node --trace-deprecation ...` to show where the warning was created)
[0] (node:4892) [DEP_WEBPACK_DEV_SERVER_ON_BEFORE_SETUP_MIDDLEWARE] DeprecationWarning: 'onBeforeSetupMiddleware' option is deprecated. Please use the 'setupMiddlewares' option.
[0] Starting the development server...
[0] 
[0] Compiled successfully!
[0] 
[0] You can now view react-oas-integration in the browser.
[0] 
[0]   Local:            http://localhost:3000
[0]   On Your Network:  http://192.168.10.80:3000
[0] 
[0] Note that the development build is not optimized.
[0] To create a production build, use npm run build.
[0] 
[0] webpack compiled successfully
[0] npm run start exited with code SIGTERM
[2] npm run ai-service exited with code SIGHUP
