
> react-google-sheets-project@1.0.0 start
> react-scripts start

[baseline-browser-mapping] The data in this module is over two months old.  To ensure accurate Baseline data, please update: `npm i baseline-browser-mapping@latest -D`
(node:88951) [DEP_WEBPACK_DEV_SERVER_ON_AFTER_SETUP_MIDDLEWARE] DeprecationWarning: 'onAfterSetupMiddleware' option is deprecated. Please use the 'setupMiddlewares' option.
(Use `node --trace-deprecation ...` to show where the warning was created)
(node:88951) [DEP_WEBPACK_DEV_SERVER_ON_BEFORE_SETUP_MIDDLEWARE] DeprecationWarning: 'onBeforeSetupMiddleware' option is deprecated. Please use the 'setupMiddlewares' option.
Starting the development server...

Failed to compile.

[eslint] Plugin "react" was conflicted between "../.eslintrc.json » eslint-config-react-app » /Users/phuccao/Projects/React-OAS-Integration-v4.0/node_modules/eslint-config-react-app/base.js" and "BaseConfig » /Users/phuccao/Projects/React-OAS-Integration-v4.0/google-sheets-project/node_modules/eslint-config-react-app/base.js".
LOG from ./node_modules/sass-loader/dist/cjs.js sass-loader ./node_modules/css-loader/dist/cjs.js??ruleSet[1].rules[1].oneOf[8].use[1]!./node_modules/postcss-loader/dist/cjs.js??ruleSet[1].rules[1].oneOf[8].use[2]!./node_modules/resolve-url-loader/index.js??ruleSet[1].rules[1].oneOf[8].use[3]!./node_modules/sass-loader/dist/cjs.js??ruleSet[1].rules[1].oneOf[8].use[4]!./src/pages/LoginPage.module.scss
<w> Deprecation The legacy JS API is deprecated and will be removed in Dart Sass 2.0.0.
<w> 
<w> More info: https://sass-lang.com/d/legacy-js-api
<w> 
<w> null
<w> Deprecation Sass @import rules are deprecated and will be removed in Dart Sass 3.0.0.
<w> 
<w> More info and automated migrator: https://sass-lang.com/d/import
<w> 
<w> src/pages/LoginPage.module.scss 2:9  root stylesheet
<w> 
<w> Deprecation Sass @import rules are deprecated and will be removed in Dart Sass 3.0.0.
<w> 
<w> More info and automated migrator: https://sass-lang.com/d/import
<w> 
<w> src/pages/LoginPage.module.scss 3:9  root stylesheet
<w>

ERROR in [eslint] Plugin "react" was conflicted between "../.eslintrc.json » eslint-config-react-app » /Users/phuccao/Projects/React-OAS-Integration-v4.0/node_modules/eslint-config-react-app/base.js" and "BaseConfig » /Users/phuccao/Projects/React-OAS-Integration-v4.0/google-sheets-project/node_modules/eslint-config-react-app/base.js".

webpack compiled with 1 error
The build failed because the process exited too early. This probably means the system ran out of memory or someone called `kill -9` on the process.
